  AABB.cpp
  AI.cpp
  CollisionResponse.cpp
C:\Users\edmun\OneDrive\桌面\Game Engineering I\MonsterChase\Engine\CollisionResponse.cpp(5,35): warning C4244: '+=': conversion from 'double' to 'float', possible loss of data
C:\Users\edmun\OneDrive\桌面\Game Engineering I\MonsterChase\Engine\CollisionResponse.cpp(6,35): warning C4244: '+=': conversion from 'double' to 'float', possible loss of data
C:\Users\edmun\OneDrive\桌面\Game Engineering I\MonsterChase\Engine\CollisionResponse.cpp(8,35): warning C4244: '+=': conversion from 'double' to 'float', possible loss of data
C:\Users\edmun\OneDrive\桌面\Game Engineering I\MonsterChase\Engine\CollisionResponse.cpp(9,35): warning C4244: '+=': conversion from 'double' to 'float', possible loss of data
  Engine.cpp
  GameObject.cpp
  Input.cpp
  Matrix4x4.cpp
  Physics.cpp
C:\Users\edmun\OneDrive\桌面\Game Engineering I\MonsterChase\Engine\Physics.cpp(43,22): warning C4244: 'initializing': conversion from 'double' to 'float', possible loss of data
C:\Users\edmun\OneDrive\桌面\Game Engineering I\MonsterChase\Engine\Physics.cpp(44,22): warning C4244: 'initializing': conversion from 'double' to 'float', possible loss of data
C:\Users\edmun\OneDrive\桌面\Game Engineering I\MonsterChase\Engine\Physics.cpp(56,49): warning C4244: '+=': conversion from 'double' to 'float', possible loss of data
C:\Users\edmun\OneDrive\桌面\Game Engineering I\MonsterChase\Engine\Physics.cpp(57,49): warning C4244: '+=': conversion from 'double' to 'float', possible loss of data
C:\Users\edmun\OneDrive\桌面\Game Engineering I\MonsterChase\Engine\Physics.cpp(61,81): warning C4244: '+=': conversion from 'double' to 'float', possible loss of data
C:\Users\edmun\OneDrive\桌面\Game Engineering I\MonsterChase\Engine\Physics.cpp(62,81): warning C4244: '+=': conversion from 'double' to 'float', possible loss of data
C:\Users\edmun\OneDrive\桌面\Game Engineering I\MonsterChase\Engine\Physics.cpp(65,63): warning C4244: 'argument': conversion from 'double' to 'float', possible loss of data
C:\Users\edmun\OneDrive\桌面\Game Engineering I\MonsterChase\Engine\Physics.cpp(65,41): warning C4244: 'argument': conversion from 'double' to 'float', possible loss of data
C:\Users\edmun\OneDrive\桌面\Game Engineering I\MonsterChase\Engine\Physics.cpp(82,41): warning C4244: 'argument': conversion from 'double' to 'float', possible loss of data
C:\Users\edmun\OneDrive\桌面\Game Engineering I\MonsterChase\Engine\Physics.cpp(82,24): warning C4244: 'argument': conversion from 'double' to 'float', possible loss of data
  Point2D.cpp
  Renderer.cpp
  Timing.cpp
C:\Users\edmun\OneDrive\桌面\Game Engineering I\MonsterChase\Engine\Timing.cpp(47,21): warning C4305: '=': truncation from 'double' to 'float'
  Vector2.cpp
  Vector3.cpp
  Vector4.cpp
  Generating Code...
  Engine.vcxproj -> C:\Users\edmun\OneDrive\桌面\Game Engineering I\MonsterChase\x86\Debug\Engine.lib
